# JRE version: Java(TM) SE Runtime Environment (8.0_51-b16) (build 1.8.0_51-b16)
# Java VM: Java HotSpot(TM) 64-Bit Server VM (25.51-b03 mixed mode windows-amd64 compressed oops)
Heap:
 PSYoungGen      total 138240K, used 25107K [0x00000000d5d80000, 0x00000000e8280000, 0x0000000100000000)
  eden space 133120K, 18% used [0x00000000d5d80000,0x00000000d7604dc8,0x00000000ddf80000)
  from space 5120K, 0% used [0x00000000ddf80000,0x00000000ddf80000,0x00000000de480000)
  to   space 16896K, 0% used [0x00000000e7200000,0x00000000e7200000,0x00000000e8280000)
 ParOldGen       total 76800K, used 21830K [0x0000000081800000, 0x0000000086300000, 0x00000000d5d80000)
  object space 76800K, 28% used [0x0000000081800000,0x0000000082d51910,0x0000000086300000)
 Metaspace       used 21596K, capacity 22260K, committed 22400K, reserved 1069056K
  class space    used 2485K, capacity 2657K, committed 2688K, reserved 1048576K
GC Heap History (10 events):
Event: 1.671 GC heap before
{Heap before GC invocations=2 (full 0):
 PSYoungGen      total 38400K, used 37857K [0x00000000d5d80000, 0x00000000da880000, 0x0000000100000000)
  eden space 33280K, 100% used [0x00000000d5d80000,0x00000000d7e00000,0x00000000d7e00000)
  from space 5120K, 89% used [0x00000000d7e00000,0x00000000d8278578,0x00000000d8300000)
  to   space 5120K, 0% used [0x00000000da380000,0x00000000da380000,0x00000000da880000)
 ParOldGen       total 87552K, used 0K [0x0000000081800000, 0x0000000086d80000, 0x00000000d5d80000)
  object space 87552K, 0% used [0x0000000081800000,0x0000000081800000,0x0000000086d80000)
 Metaspace       used 12157K, capacity 12436K, committed 12672K, reserved 1060864K
  class space    used 1489K, capacity 1548K, committed 1664K, reserved 1048576K
Event: 1.680 GC heap after
Heap after GC invocations=2 (full 0):
 PSYoungGen      total 71680K, used 5104K [0x00000000d5d80000, 0x00000000da880000, 0x0000000100000000)
  eden space 66560K, 0% used [0x00000000d5d80000,0x00000000d5d80000,0x00000000d9e80000)
  from space 5120K, 99% used [0x00000000da380000,0x00000000da87c010,0x00000000da880000)
  to   space 5120K, 0% used [0x00000000d9e80000,0x00000000d9e80000,0x00000000da380000)
 ParOldGen       total 87552K, used 3318K [0x0000000081800000, 0x0000000086d80000, 0x00000000d5d80000)
  object space 87552K, 3% used [0x0000000081800000,0x0000000081b3d988,0x0000000086d80000)
 Metaspace       used 12157K, capacity 12436K, committed 12672K, reserved 1060864K
  class space    used 1489K, capacity 1548K, committed 1664K, reserved 1048576K
}
Event: 2.332 GC heap before
{Heap before GC invocations=3 (full 0):
 PSYoungGen      total 71680K, used 71664K [0x00000000d5d80000, 0x00000000da880000, 0x0000000100000000)
  eden space 66560K, 100% used [0x00000000d5d80000,0x00000000d9e80000,0x00000000d9e80000)
  from space 5120K, 99% used [0x00000000da380000,0x00000000da87c010,0x00000000da880000)
  to   space 5120K, 0% used [0x00000000d9e80000,0x00000000d9e80000,0x00000000da380000)
 ParOldGen       total 87552K, used 3318K [0x0000000081800000, 0x0000000086d80000, 0x00000000d5d80000)
  object space 87552K, 3% used [0x0000000081800000,0x0000000081b3d988,0x0000000086d80000)
 Metaspace       used 13191K, capacity 13506K, committed 13696K, reserved 1060864K
  class space    used 1586K, capacity 1661K, committed 1664K, reserved 1048576K
Event: 2.354 GC heap after
Heap after GC invocations=3 (full 0):
 PSYoungGen      total 71680K, used 5104K [0x00000000d5d80000, 0x00000000de980000, 0x0000000100000000)
  eden space 66560K, 0% used [0x00000000d5d80000,0x00000000d5d80000,0x00000000d9e80000)
  from space 5120K, 99% used [0x00000000d9e80000,0x00000000da37c010,0x00000000da380000)
  to   space 5120K, 0% used [0x00000000de480000,0x00000000de480000,0x00000000de980000)
 ParOldGen       total 87552K, used 6926K [0x0000000081800000, 0x0000000086d80000, 0x00000000d5d80000)
  object space 87552K, 7% used [0x0000000081800000,0x0000000081ec39d0,0x0000000086d80000)
 Metaspace       used 13191K, capacity 13506K, committed 13696K, reserved 1060864K
  class space    used 1586K, capacity 1661K, committed 1664K, reserved 1048576K
}
Event: 2.825 GC heap before
{Heap before GC invocations=4 (full 0):
 PSYoungGen      total 71680K, used 71664K [0x00000000d5d80000, 0x00000000de980000, 0x0000000100000000)
  eden space 66560K, 100% used [0x00000000d5d80000,0x00000000d9e80000,0x00000000d9e80000)
  from space 5120K, 99% used [0x00000000d9e80000,0x00000000da37c010,0x00000000da380000)
  to   space 5120K, 0% used [0x00000000de480000,0x00000000de480000,0x00000000de980000)
 ParOldGen       total 87552K, used 6926K [0x0000000081800000, 0x0000000086d80000, 0x00000000d5d80000)
  object space 87552K, 7% used [0x0000000081800000,0x0000000081ec39d0,0x0000000086d80000)
 Metaspace       used 14257K, capacity 14674K, committed 14848K, reserved 1062912K
  class space    used 1670K, capacity 1773K, committed 1792K, reserved 1048576K
Event: 2.846 GC heap after
Heap after GC invocations=4 (full 0):
 PSYoungGen      total 138240K, used 5104K [0x00000000d5d80000, 0x00000000de980000, 0x0000000100000000)
  eden space 133120K, 0% used [0x00000000d5d80000,0x00000000d5d80000,0x00000000ddf80000)
  from space 5120K, 99% used [0x00000000de480000,0x00000000de97c010,0x00000000de980000)
  to   space 5120K, 0% used [0x00000000ddf80000,0x00000000ddf80000,0x00000000de480000)
 ParOldGen       total 87552K, used 10755K [0x0000000081800000, 0x0000000086d80000, 0x00000000d5d80000)
  object space 87552K, 12% used [0x0000000081800000,0x0000000082280fa0,0x0000000086d80000)
 Metaspace       used 14257K, capacity 14674K, committed 14848K, reserved 1062912K
  class space    used 1670K, capacity 1773K, committed 1792K, reserved 1048576K
}
Event: 4.221 GC heap before
{Heap before GC invocations=5 (full 0):
 PSYoungGen      total 138240K, used 116855K [0x00000000d5d80000, 0x00000000de980000, 0x0000000100000000)
  eden space 133120K, 83% used [0x00000000d5d80000,0x00000000dcaa1c08,0x00000000ddf80000)
  from space 5120K, 99% used [0x00000000de480000,0x00000000de97c010,0x00000000de980000)
  to   space 5120K, 0% used [0x00000000ddf80000,0x00000000ddf80000,0x00000000de480000)
 ParOldGen       total 87552K, used 10755K [0x0000000081800000, 0x0000000086d80000, 0x00000000d5d80000)
  object space 87552K, 12% used [0x0000000081800000,0x0000000082280fa0,0x0000000086d80000)
 Metaspace       used 20566K, capacity 21134K, committed 21248K, reserved 1069056K
  class space    used 2372K, capacity 2496K, committed 2560K, reserved 1048576K
Event: 4.240 GC heap after
Heap after GC invocations=5 (full 0):
 PSYoungGen      total 138240K, used 5088K [0x00000000d5d80000, 0x00000000e8280000, 0x0000000100000000)
  eden space 133120K, 0% used [0x00000000d5d80000,0x00000000d5d80000,0x00000000ddf80000)
  from space 5120K, 99% used [0x00000000ddf80000,0x00000000de478020,0x00000000de480000)
  to   space 16896K, 0% used [0x00000000e7200000,0x00000000e7200000,0x00000000e8280000)
 ParOldGen       total 87552K, used 22416K [0x0000000081800000, 0x0000000086d80000, 0x00000000d5d80000)
  object space 87552K, 25% used [0x0000000081800000,0x0000000082de43a8,0x0000000086d80000)
 Metaspace       used 20566K, capacity 21134K, committed 21248K, reserved 1069056K
  class space    used 2372K, capacity 2496K, committed 2560K, reserved 1048576K
}
Event: 4.240 GC heap before
{Heap before GC invocations=6 (full 1):
 PSYoungGen      total 138240K, used 5088K [0x00000000d5d80000, 0x00000000e8280000, 0x0000000100000000)
  eden space 133120K, 0% used [0x00000000d5d80000,0x00000000d5d80000,0x00000000ddf80000)
  from space 5120K, 99% used [0x00000000ddf80000,0x00000000de478020,0x00000000de480000)
  to   space 16896K, 0% used [0x00000000e7200000,0x00000000e7200000,0x00000000e8280000)
 ParOldGen       total 87552K, used 22416K [0x0000000081800000, 0x0000000086d80000, 0x00000000d5d80000)
  object space 87552K, 25% used [0x0000000081800000,0x0000000082de43a8,0x0000000086d80000)
 Metaspace       used 20566K, capacity 21134K, committed 21248K, reserved 1069056K
  class space    used 2372K, capacity 2496K, committed 2560K, reserved 1048576K
Event: 4.310 GC heap after
Heap after GC invocations=6 (full 1):
 PSYoungGen      total 138240K, used 0K [0x00000000d5d80000, 0x00000000e8280000, 0x0000000100000000)
  eden space 133120K, 0% used [0x00000000d5d80000,0x00000000d5d80000,0x00000000ddf80000)
  from space 5120K, 0% used [0x00000000ddf80000,0x00000000ddf80000,0x00000000de480000)
  to   space 16896K, 0% used [0x00000000e7200000,0x00000000e7200000,0x00000000e8280000)
 ParOldGen       total 76800K, used 21830K [0x0000000081800000, 0x0000000086300000, 0x00000000d5d80000)
  object space 76800K, 28% used [0x0000000081800000,0x0000000082d51910,0x0000000086300000)
 Metaspace       used 20566K, capacity 21134K, committed 21248K, reserved 1069056K
  class space    used 2372K, capacity 2496K, committed 2560K, reserved 1048576K
}

